2025-09-27 17:23:12,680 [trainer.py] => dataset: cifar100_224
2025-09-27 17:23:12,680 [trainer.py] => smart_defaults: True
2025-09-27 17:23:12,680 [trainer.py] => user: authors
2025-09-27 17:23:12,680 [trainer.py] => test: True
2025-09-27 17:23:12,680 [trainer.py] => memory_size: 0
2025-09-27 17:23:12,680 [trainer.py] => memory_per_class: 0
2025-09-27 17:23:12,680 [trainer.py] => fixed_memory: False
2025-09-27 17:23:12,680 [trainer.py] => shuffle: True
2025-09-27 17:23:12,680 [trainer.py] => init_cls: 10
2025-09-27 17:23:12,681 [trainer.py] => increment: 10
2025-09-27 17:23:12,681 [trainer.py] => model_name: sldc
2025-09-27 17:23:12,681 [trainer.py] => vit_type: vit-b-p16
2025-09-27 17:23:12,681 [trainer.py] => weight_decay: 0.0
2025-09-27 17:23:12,681 [trainer.py] => device: [device(type='cuda', index=0)]
2025-09-27 17:23:12,681 [trainer.py] => sce_a: 0.5
2025-09-27 17:23:12,681 [trainer.py] => sce_b: 0.5
2025-09-27 17:23:12,681 [trainer.py] => seed_list: [1993]
2025-09-27 17:23:12,681 [trainer.py] => iterations: 2500
2025-09-27 17:23:12,681 [trainer.py] => warmup_steps: 200
2025-09-27 17:23:12,682 [trainer.py] => ca_epochs: 5
2025-09-27 17:23:12,682 [trainer.py] => optimizer: adamw
2025-09-27 17:23:12,682 [trainer.py] => lrate: 0.0005
2025-09-27 17:23:12,682 [trainer.py] => head_scale: 1.0
2025-09-27 17:23:12,682 [trainer.py] => batch_size: 24
2025-09-27 17:23:12,682 [trainer.py] => evaluate_final_only: True
2025-09-27 17:23:12,682 [trainer.py] => gamma_norm: 0.1
2025-09-27 17:23:12,682 [trainer.py] => gamma_kd: 0.0
2025-09-27 17:23:12,682 [trainer.py] => kd_type: feat
2025-09-27 17:23:12,682 [trainer.py] => alpha_t: 1.0
2025-09-27 17:23:12,682 [trainer.py] =>  _gamma_1: 0.0001
2025-09-27 17:23:12,682 [trainer.py] => compensate: True
2025-09-27 17:23:12,683 [trainer.py] => eval_only: True
2025-09-27 17:23:12,683 [trainer.py] => lora_rank: 4
2025-09-27 17:23:12,683 [trainer.py] => lora_type: sgp_lora
2025-09-27 17:23:12,683 [trainer.py] => weight_temp: 5.0
2025-09-27 17:23:12,683 [trainer.py] => weight_kind: log1p
2025-09-27 17:23:12,683 [trainer.py] => weight_p: 1.0
2025-09-27 17:23:12,683 [trainer.py] => nsp_eps: 0.05
2025-09-27 17:23:12,683 [trainer.py] => nsp_weight: 0.0
2025-09-27 17:23:12,683 [trainer.py] => auxiliary_data_path: /data1/open_datasets/ImageNet-2012/train
2025-09-27 17:23:12,683 [trainer.py] => aux_dataset: imagenet
2025-09-27 17:23:12,683 [trainer.py] => auxiliary_data_size: 1024
2025-09-27 17:23:12,684 [trainer.py] => l2_protection: True
2025-09-27 17:23:12,684 [trainer.py] => l2_protection_lambda: 0.0001
2025-09-27 17:23:12,684 [trainer.py] => seed: 1993
2025-09-27 17:23:12,684 [trainer.py] => run_id: 0
2025-09-27 17:23:12,684 [trainer.py] => log_path: sldc_logs_authors\cifar100_224_vit-b-p16\init-10_inc-10_rank-4_lt-sgp_lora_T-5_comp-1_wk-log1p_wp-1_kd-feat_gkd-0_gn-0p1_optim-adamw_lr-0p0005_bz-24_iter-2500_seed-1993
